<?xml version="1.0" encoding="UTF-8"?>
<!-- Generated by org.testng.reporters.JUnitReportReporter -->
<testsuite hostname="DESKTOP-JCD9SQ1" failures="0" tests="3" name="Swaglab_test" time="14.174" errors="0" timestamp="2023-10-24T13:03:57 TRT" skipped="0">
  <testcase classname="Swaglab_test" name="LoginWithProblemUser" time="3.596"/>
  <testcase classname="Swaglab_test" name="LoginWithPerformanceUser" time="7.715"/>
  <testcase classname="Swaglab_test" name="LoginWithStandardUSer" time="2.863"/>
</testsuite> <!-- Swaglab_test -->
